<?xml version="1.0" encoding="UTF-8"?>
<!-- Generated by org.testng.reporters.JUnitReportReporter -->
<testsuite hostname="sami77" failures="0" tests="3" name="com.tekpyramid.vtiger.organizations.Organizations" time="11.826" errors="0" timestamp="2025-10-01T20:22:40 IST" skipped="0">
  <testcase classname="com.tekpyramid.vtiger.organizations.Organizations" name="createOrg" time="4.381"/>
  <testcase classname="com.tekpyramid.vtiger.organizations.Organizations" name="createOrgWithPhno" time="3.237"/>
  <testcase classname="com.tekpyramid.vtiger.organizations.Organizations" name="createOrgwithIndustry" time="4.208"/>
</testsuite> <!-- com.tekpyramid.vtiger.organizations.Organizations -->
