<?xml version="1.0" encoding="UTF-8"?>
<!-- Generated by org.testng.reporters.JUnitReportReporter -->
<testsuite hostname="sami77" failures="0" tests="3" name="com.tekpyramid.vtiger.contacts.Contacts" time="11.235" errors="0" timestamp="2025-10-01T20:22:40 IST" skipped="0">
  <testcase classname="com.tekpyramid.vtiger.contacts.Contacts" name="createContactWithSupportDate" time="4.147"/>
  <testcase classname="com.tekpyramid.vtiger.contacts.Contacts" name="createContact" time="3.707"/>
  <testcase classname="com.tekpyramid.vtiger.contacts.Contacts" name="createContactWithOrg" time="3.381"/>
</testsuite> <!-- com.tekpyramid.vtiger.contacts.Contacts -->
